<?xml version="1.0" encoding="UTF-8"?>
<!-- Generated by org.testng.reporters.JUnitReportReporter -->
<testsuite hostname="User" failures="0" tests="3" name="testNG.AnnotationsSequenceOfExecution" time="0.022" errors="0" timestamp="2021-04-24T10:51:01 EDT" skipped="0">
  <testcase classname="testNG.AnnotationsSequenceOfExecution" name="test2" time="0.005"/>
  <system-out/>
  <testcase classname="testNG.AnnotationsSequenceOfExecution" name="test1" time="0.012"/>
  <system-out/>
  <testcase classname="testNG.AnnotationsSequenceOfExecution" name="test3" time="0.005"/>
  <system-out/>
</testsuite> <!-- testNG.AnnotationsSequenceOfExecution -->
