<?xml version="1.0" encoding="UTF-8"?>
<!-- Generated by org.testng.reporters.JUnitReportReporter -->
<testsuite hostname="User" failures="0" tests="2" name="testNG.TestNGFirstScript" time="98.480" errors="0" timestamp="2021-04-24T10:51:01 EDT" skipped="0">
  <testcase classname="testNG.TestNGFirstScript" name="negativeLoginTest" time="43.629"/>
  <system-out/>
  <testcase classname="testNG.TestNGFirstScript" name="positiveLoginTest" time="54.851"/>
  <system-out/>
</testsuite> <!-- testNG.TestNGFirstScript -->
