<?xml version="1.0" encoding="UTF-8"?>
<!-- Generated by org.testng.reporters.JUnitReportReporter -->
<testsuite hostname="User" failures="0" tests="2" name="testNG.PassingParameterFromXML" time="19.177" errors="0" timestamp="2021-04-25T10:37:09 EDT" skipped="0">
  <testcase classname="testNG.PassingParameterFromXML" name="positiveLoginTest" time="7.456"/>
  <system-out/>
  <testcase classname="testNG.PassingParameterFromXML" name="positiveLoginTest" time="11.721"/>
  <system-out/>
</testsuite> <!-- testNG.PassingParameterFromXML -->
