<?xml version="1.0" encoding="UTF-8"?>
<!-- Generated by org.testng.reporters.JUnitReportReporter -->
<testsuite hostname="User" failures="0" tests="1" name="testNG.AssertionConcept" time="13.269" errors="0" timestamp="2021-04-24T11:55:00 EDT" skipped="0">
  <testcase classname="testNG.AssertionConcept" name="negativeLoginTest" time="13.269"/>
  <system-out/>
</testsuite> <!-- testNG.AssertionConcept -->
