<?xml version="1.0" encoding="UTF-8"?>
<!-- Generated by org.testng.reporters.JUnitReportReporter -->
<testsuite hostname="User" failures="0" tests="4" name="testNG.DataDrivenWithTestNG" time="28.815" errors="0" timestamp="2021-04-24T11:55:00 EDT" skipped="0">
  <testcase classname="testNG.DataDrivenWithTestNG" name="positiveLoginTest" time="7.019"/>
  <system-out/>
  <testcase classname="testNG.DataDrivenWithTestNG" name="positiveLoginTest" time="8.268"/>
  <system-out/>
  <testcase classname="testNG.DataDrivenWithTestNG" name="positiveLoginTest" time="7.303"/>
  <system-out/>
  <testcase classname="testNG.DataDrivenWithTestNG" name="positiveLoginTest" time="6.225"/>
  <system-out/>
</testsuite> <!-- testNG.DataDrivenWithTestNG -->
